The target system is: Generic - 3.7.99 - riscv
The host system is: Windows - 10.0.22631 - AMD64
Compiling the C compiler identification source file "CMakeCCompilerId.c" succeeded.
Compiler: C:/ncs/toolchains/b620d30767/opt/zephyr-sdk/riscv64-zephyr-elf/bin/riscv64-zephyr-elf-gcc.exe 
Build flags: 
Id flags:  

The output was:
0


Compilation of the C compiler identification source "CMakeCCompilerId.c" produced "a.out"

The C compiler identification is GNU, found in "C:/Work/Training/RutronikFAE13Feb25/29x/hello_world/build_flpr/hello_world/CMakeFiles/3.21.0/CompilerIdC/a.out"

Compiling the CXX compiler identification source file "CMakeCXXCompilerId.cpp" succeeded.
Compiler: C:/ncs/toolchains/b620d30767/opt/zephyr-sdk/riscv64-zephyr-elf/bin/riscv64-zephyr-elf-gcc.exe 
Build flags: 
Id flags:  

The output was:
0


Compilation of the CXX compiler identification source "CMakeCXXCompilerId.cpp" produced "a.out"

The CXX compiler identification is GNU, found in "C:/Work/Training/RutronikFAE13Feb25/29x/hello_world/build_flpr/hello_world/CMakeFiles/3.21.0/CompilerIdCXX/a.out"

Checking whether the ASM compiler is GNU using "--version" matched "(GNU assembler)|(GCC)|(Free Software Foundation)":
riscv64-zephyr-elf-gcc.exe (Zephyr SDK 0.17.0) 12.2.0
Copyright (C) 2022 Free Software Foundation, Inc.
This is free software; see the source for copying conditions.  There is NO
warranty; not even for MERCHANTABILITY or FITNESS FOR A PARTICULAR PURPOSE.

Performing C SOURCE FILE Test check_fmacro_prefix_map_C__Work_Training_RutronikFAE13Feb25_29x_hello_world_CMAKE_SOURCE_DIR_C__nostartfiles__nostdlib__isystem__c__ncs_toolchains_b620d30767_opt_zephyr_sdk_riscv64_zephyr_elf_bin____lib_gcc_riscv64_zephyr_elf_12_2_0_include___isystem__c__ncs_toolchains_b620d30767_opt_zephyr_sdk_riscv64_zephyr_elf_bin____lib_gcc_riscv64_zephyr_elf_12_2_0_include_fixed___Wl___unresolved_symbols_ignore_in_object_files__Wl___entry_0__fuse_ld_bfd succeeded with the following output:
Change Dir: C:/Work/Training/RutronikFAE13Feb25/29x/hello_world/build_flpr/hello_world/CMakeFiles/CMakeTmp

Run Build Command(s):C:/ncs/toolchains/b620d30767/opt/bin/ninja.exe cmTC_a2368 && [1/2] Building C object CMakeFiles/cmTC_a2368.dir/src.c.obj
[2/2] Linking C executable cmTC_a2368


Source file was:
int main(void) { return 0; }
